<?xml version="1.0" encoding="UTF-8"?>
<!-- Generated by org.testng.reporters.JUnitReportReporter -->
<testsuite skipped="0" hostname="Abhinavs-MacBook-Air.local" name="tests.LoginTests" tests="2" failures="0" timestamp="29 Jul 2018 13:48:51 GMT" time="42.472" errors="0">
  <testcase name="invalidLoginTest_InvalidUserNameInvalidPassword" time="29.368" classname="tests.LoginTests"/>
  <testcase name="invalidLoginTest_EmptyUserEmptyPassword" time="13.104" classname="tests.LoginTests"/>
</testsuite> <!-- tests.LoginTests -->
