<?xml version="1.0" encoding="UTF-8"?>
<!-- Generated by org.testng.reporters.JUnitReportReporter -->
<testsuite skipped="0" hostname="Abhinavs-MacBook-Air.local" name="tests.LoginTests" tests="2" failures="0" timestamp="30 Jul 2018 18:01:34 GMT" time="45.465" errors="0">
  <testcase name="invalidLoginTest_InvalidUserNameInvalidPassword" time="32.363" classname="tests.LoginTests"/>
  <testcase name="invalidLoginTest_EmptyUserEmptyPassword" time="13.102" classname="tests.LoginTests"/>
</testsuite> <!-- tests.LoginTests -->
